<?xml version="1.0" encoding="UTF-8"?>
<!-- Generated by org.testng.reporters.JUnitXMLReporter -->
<testsuite ignored="0" hostname="DESKTOP-4JSDMOS" failures="0" tests="7" name="Default test" time="3.832" errors="0" timestamp="2021-10-07T15:12:58 IST">
  <testcase classname="com.LibraryAPI.testCases.TC_005_DeleteBook" name="checkStatusCode_deleteBook" time="0.016"/>
  <testcase classname="com.LibraryAPI.testCases.TC_005_DeleteBook" name="checkResposeBody_deleteBook" time="0.548"/>
  <testcase classname="com.LibraryAPI.testCases.TC_005_DeleteBook" name="validateDeletedBook_deleteBook" time="0.016"/>
  <testcase classname="com.LibraryAPI.testCases.TC_005_DeleteBook" name="checkResponseTime_deleteBook" time="0.002"/>
  <testcase classname="com.LibraryAPI.testCases.TC_005_DeleteBook" name="checkContentType_deleteBook" time="0.002"/>
  <testcase classname="com.LibraryAPI.testCases.TC_005_DeleteBook" name="checkserverType_deleteBook" time="0.002"/>
  <testcase classname="com.LibraryAPI.testCases.TC_005_DeleteBook" name="checkStatusLine_deleteBook" time="0.001"/>
</testsuite> <!-- Default test -->
