<?xml version="1.0" encoding="UTF-8"?>
<!-- Generated by org.testng.reporters.JUnitXMLReporter -->
<testsuite ignored="0" hostname="DESKTOP-4JSDMOS" failures="0" tests="33" name="EmployeesRestAPITest" time="6.542" errors="0" timestamp="2021-10-07T15:13:26 IST">
  <testcase classname="com.LibraryAPI.testCases.TC_001_GetAllBooks" name="checkContentType_getAllBooks" time="0.01"/>
  <testcase classname="com.LibraryAPI.testCases.TC_001_GetAllBooks" name="checkResponseTime_getAllBooks" time="0.002"/>
  <testcase classname="com.LibraryAPI.testCases.TC_001_GetAllBooks" name="checkResposeBody_getAllBooks" time="0.591"/>
  <testcase classname="com.LibraryAPI.testCases.TC_001_GetAllBooks" name="checkStatusCode_getAllBooks" time="0.001"/>
  <testcase classname="com.LibraryAPI.testCases.TC_001_GetAllBooks" name="checkStatusLine_getAllBooks" time="0.002"/>
  <testcase classname="com.LibraryAPI.testCases.TC_001_GetAllBooks" name="checkserverType_getAllBooks" time="0.001"/>
  <testcase classname="com.LibraryAPI.testCases.TC_002_GetSingleBook" name="checkContentType_getSingleBook" time="0.006"/>
  <testcase classname="com.LibraryAPI.testCases.TC_002_GetSingleBook" name="checkResponseTime_getSingleBook" time="0.004"/>
  <testcase classname="com.LibraryAPI.testCases.TC_002_GetSingleBook" name="checkResposeBody_getSingleBook" time="0.66"/>
  <testcase classname="com.LibraryAPI.testCases.TC_002_GetSingleBook" name="checkStatusCode_getSingleBook" time="0.002"/>
  <testcase classname="com.LibraryAPI.testCases.TC_002_GetSingleBook" name="checkStatusLine_getSingleBook" time="0.003"/>
  <testcase classname="com.LibraryAPI.testCases.TC_002_GetSingleBook" name="checkserverType_getSingleBook" time="0.004"/>
  <testcase classname="com.LibraryAPI.testCases.TC_003_AddBook" name="checkStatusCode_addBook" time="0.002"/>
  <testcase classname="com.LibraryAPI.testCases.TC_003_AddBook" name="checkResposeBody_addBook" time="0.071"/>
  <testcase classname="com.LibraryAPI.testCases.TC_003_AddBook" name="validateAddedBook_addBook" time="0.315"/>
  <testcase classname="com.LibraryAPI.testCases.TC_003_AddBook" name="checkResponseTime_addBook" time="0.002"/>
  <testcase classname="com.LibraryAPI.testCases.TC_003_AddBook" name="checkContentType_addBook" time="0.002"/>
  <testcase classname="com.LibraryAPI.testCases.TC_003_AddBook" name="checkserverType_addBook" time="0.002"/>
  <testcase classname="com.LibraryAPI.testCases.TC_003_AddBook" name="checkStatusLine_addBook" time="0.003"/>
  <testcase classname="com.LibraryAPI.testCases.TC_004_UpdateBook" name="checkStatusCode_updateBook" time="0.002"/>
  <testcase classname="com.LibraryAPI.testCases.TC_004_UpdateBook" name="checkResposeBody_updateBook" time="0.036"/>
  <testcase classname="com.LibraryAPI.testCases.TC_004_UpdateBook" name="validateUpdatedBook_updateBook" time="0.294"/>
  <testcase classname="com.LibraryAPI.testCases.TC_004_UpdateBook" name="checkResponseTime_updateBook" time="0.002"/>
  <testcase classname="com.LibraryAPI.testCases.TC_004_UpdateBook" name="checkContentType_updateBook" time="0.001"/>
  <testcase classname="com.LibraryAPI.testCases.TC_004_UpdateBook" name="checkserverType_updateBook" time="0.003"/>
  <testcase classname="com.LibraryAPI.testCases.TC_004_UpdateBook" name="checkStatusLine_updateBook" time="0.014"/>
  <testcase classname="com.LibraryAPI.testCases.TC_005_DeleteBook" name="checkStatusCode_deleteBook" time="0.002"/>
  <testcase classname="com.LibraryAPI.testCases.TC_005_DeleteBook" name="checkResposeBody_deleteBook" time="0.02"/>
  <testcase classname="com.LibraryAPI.testCases.TC_005_DeleteBook" name="validateDeletedBook_deleteBook" time="0.016"/>
  <testcase classname="com.LibraryAPI.testCases.TC_005_DeleteBook" name="checkResponseTime_deleteBook" time="0.001"/>
  <testcase classname="com.LibraryAPI.testCases.TC_005_DeleteBook" name="checkContentType_deleteBook" time="0.001"/>
  <testcase classname="com.LibraryAPI.testCases.TC_005_DeleteBook" name="checkserverType_deleteBook" time="0.002"/>
  <testcase classname="com.LibraryAPI.testCases.TC_005_DeleteBook" name="checkStatusLine_deleteBook" time="0.001"/>
</testsuite> <!-- EmployeesRestAPITest -->
